# JRE version: OpenJDK Runtime Environment Corretto-15.0.2.7.1 (15.0.2+7) (build 15.0.2+7)
# Java VM: OpenJDK 64-Bit Server VM Corretto-15.0.2.7.1 (15.0.2+7, mixed mode, sharing, tiered, compressed oops, g1 gc, bsd-amd64)
GC Precious Log:
 CPUs: 8 total, 8 available
 Memory: 8192M
 Large Page Support: Disabled
 NUMA Support: Disabled
 Compressed Oops: Enabled (Zero based)
 Heap Region Size: 1M
 Heap Min Capacity: 8M
 Heap Initial Capacity: 128M
 Heap Max Capacity: 2G
 Pre-touch: Disabled
 Parallel Workers: 8
 Concurrent Workers: 2
 Concurrent Refinement Workers: 8
 Periodic GC: Disabled
Heap:
 garbage-first heap   total 72704K, used 41915K [0x0000000780000000, 0x0000000800000000)
  region size 1024K, 16 young (16384K), 2 survivors (2048K)
 Metaspace       used 30244K, capacity 30585K, committed 31104K, reserved 1077248K
  class space    used 3607K, capacity 3710K, committed 3712K, reserved 1048576K
GC Heap History (10 events):
Event: 1.087 GC heap before
{Heap before GC invocations=0 (full 0):
 garbage-first heap   total 133120K, used 24360K [0x0000000780000000, 0x0000000800000000)
  region size 1024K, 23 young (23552K), 0 survivors (0K)
 Metaspace       used 8468K, capacity 10555K, committed 10880K, reserved 1058816K
  class space    used 974K, capacity 1148K, committed 1152K, reserved 1048576K
}
Event: 1.092 GC heap after
{Heap after GC invocations=1 (full 0):
 garbage-first heap   total 133120K, used 4535K [0x0000000780000000, 0x0000000800000000)
  region size 1024K, 3 young (3072K), 3 survivors (3072K)
 Metaspace       used 8468K, capacity 10555K, committed 10880K, reserved 1058816K
  class space    used 974K, capacity 1148K, committed 1152K, reserved 1048576K
}
Event: 2.035 GC heap before
{Heap before GC invocations=1 (full 0):
 garbage-first heap   total 133120K, used 44471K [0x0000000780000000, 0x0000000800000000)
  region size 1024K, 40 young (40960K), 3 survivors (3072K)
 Metaspace       used 15868K, capacity 16777K, committed 17024K, reserved 1064960K
  class space    used 2086K, capacity 2152K, committed 2176K, reserved 1048576K
}
Event: 2.041 GC heap after
{Heap after GC invocations=2 (full 0):
 garbage-first heap   total 133120K, used 9261K [0x0000000780000000, 0x0000000800000000)
  region size 1024K, 5 young (5120K), 5 survivors (5120K)
 Metaspace       used 15868K, capacity 16777K, committed 17024K, reserved 1064960K
  class space    used 2086K, capacity 2152K, committed 2176K, reserved 1048576K
}
Event: 2.395 GC heap before
{Heap before GC invocations=2 (full 0):
 garbage-first heap   total 133120K, used 34861K [0x0000000780000000, 0x0000000800000000)
  region size 1024K, 29 young (29696K), 5 survivors (5120K)
 Metaspace       used 20978K, capacity 21192K, committed 21504K, reserved 1069056K
  class space    used 2703K, capacity 2792K, committed 2816K, reserved 1048576K
}
Event: 2.400 GC heap after
{Heap after GC invocations=3 (full 0):
 garbage-first heap   total 133120K, used 14675K [0x0000000780000000, 0x0000000800000000)
  region size 1024K, 8 young (8192K), 8 survivors (8192K)
 Metaspace       used 20978K, capacity 21192K, committed 21504K, reserved 1069056K
  class space    used 2703K, capacity 2792K, committed 2816K, reserved 1048576K
}
Event: 3.743 GC heap before
{Heap before GC invocations=4 (full 0):
 garbage-first heap   total 61440K, used 56659K [0x0000000780000000, 0x0000000800000000)
  region size 1024K, 34 young (34816K), 8 survivors (8192K)
 Metaspace       used 27525K, capacity 27795K, committed 28288K, reserved 1075200K
  class space    used 3357K, capacity 3444K, committed 3456K, reserved 1048576K
}
Event: 3.758 GC heap after
{Heap after GC invocations=5 (full 0):
 garbage-first heap   total 72704K, used 26759K [0x0000000780000000, 0x0000000800000000)
  region size 1024K, 5 young (5120K), 5 survivors (5120K)
 Metaspace       used 27525K, capacity 27795K, committed 28288K, reserved 1075200K
  class space    used 3357K, capacity 3444K, committed 3456K, reserved 1048576K
}
Event: 13.493 GC heap before
{Heap before GC invocations=6 (full 0):
 garbage-first heap   total 72704K, used 49287K [0x0000000780000000, 0x0000000800000000)
  region size 1024K, 27 young (27648K), 5 survivors (5120K)
 Metaspace       used 29017K, capacity 29369K, committed 29952K, reserved 1075200K
  class space    used 3399K, capacity 3518K, committed 3584K, reserved 1048576K
}
Event: 13.502 GC heap after
{Heap after GC invocations=7 (full 0):
 garbage-first heap   total 72704K, used 28603K [0x0000000780000000, 0x0000000800000000)
  region size 1024K, 2 young (2048K), 2 survivors (2048K)
 Metaspace       used 29017K, capacity 29369K, committed 29952K, reserved 1075200K
  class space    used 3399K, capacity 3518K, committed 3584K, reserved 1048576K
}

